<?xml version="1.0" encoding="UTF-8"?>
<testng-results skipped="1" failed="0" total="1" passed="0">
  <reporter-output>
  </reporter-output>
  <suite name="Suite" duration-ms="56574" started-at="2019-11-27T06:24:02Z" finished-at="2019-11-27T06:24:59Z">
    <groups>
    </groups>
    <test name="Test" duration-ms="56574" started-at="2019-11-27T06:24:02Z" finished-at="2019-11-27T06:24:59Z">
      <class name="example.NewTest">
        <test-method status="FAIL" signature="beforeTest()[pri:0, instance:example.NewTest@1593948d]" name="beforeTest" is-config="true" duration-ms="0" started-at="2019-11-27T11:54:02Z" finished-at="2019-11-27T11:54:02Z">
          <exception class="org.openqa.selenium.WebDriverException">
            <message>
              <![CDATA[Failed to connect to binary FirefoxBinary(C:\Program Files\Mozilla Firefox\firefox.exe) on port 7055; process output follows: 
ontributors":null,"locales":["nl"]}],"targetApplications":[{"id":"toolkit@mozilla.org","minVersion":"48.0","maxVersion":null}],"targetPlatforms":[],"signedState":2,"seen":true,"dependencies":[],"incognito":"spanning","userPermissions":{"permissions":["tabs","proxy","webRequest","webRequestBlocking","webNavigation","storage","downloads"],"origins":["http://*/*","https://*/*","<all_urls>"]},"icons":{"48":"images/icon-48.png","128":"images/icon-128.png"},"iconURL":null,"blocklistState":0,"blocklistURL":null,"startupData":null,"hidden":false,"installTelemetryInfo":{"source":"winreg-app-global","method":"sideload"},"recommendationState":null,"rootURI":"jar:file:///C:/ProgramData/WRData/PKG/FF_XPI/wts_ff_extension.xpi!/","location":"winreg-app-global"}
1574835877847	addons.xpi-utils	DEBUG	Updating active state for add-on webrootsecure@webroot.com to true
1574835877849	addons.xpi	DEBUG	Loading bootstrap scope from jar:file:///C:/ProgramData/WRData/PKG/FF_XPI/wts_ff_extension.xpi!/
1574835877849	addons.xpi	DEBUG	Calling bootstrap method startup on webrootsecure@webroot.com version 1.10.0.6
1574835885128	addons.xpi	DEBUG	Calling bootstrap method shutdown on wikipedia@search.mozilla.org version 1.0
1574835885130	addons.xpi	DEBUG	Calling bootstrap method shutdown on webrootsecure@webroot.com version 1.10.0.6
1574835885139	addons.xpi	DEBUG	Calling bootstrap method shutdown on webcompat@mozilla.org version 6.2.0
1574835885151	addons.xpi	DEBUG	Calling bootstrap method shutdown on twitter@search.mozilla.org version 1.0
1574835885154	addons.xpi	DEBUG	Calling bootstrap method shutdown on screenshots@mozilla.org version 39.0.0
1574835885162	addons.xpi	DEBUG	Calling bootstrap method shutdown on google@search.mozilla.org version 1.0
1574835885165	addons.xpi	DEBUG	Calling bootstrap method shutdown on formautofill@mozilla.org version 1.0
1574835885171	addons.xpi	DEBUG	Calling bootstrap method shutdown on ebay@search.mozilla.org version 1.0
1574835885174	addons.xpi	DEBUG	Calling bootstrap method shutdown on default-theme@mozilla.org version 1.0
1574835885177	addons.xpi	DEBUG	Calling bootstrap method shutdown on ddg@search.mozilla.org version 1.0
1574835885179	addons.xpi	DEBUG	Calling bootstrap method shutdown on ciscowebexstart1@cisco.com version 1.0.12
1574835885186	addons.xpi	DEBUG	Calling bootstrap method shutdown on bing@search.mozilla.org version 1.0
1574835885189	addons.xpi	DEBUG	Calling bootstrap method shutdown on amazondotcom@search.mozilla.org version 1.1
[Parent 21748, Gecko_IOThread] WARNING: pipe error: 109: file z:/task_1572401533/build/src/ipc/chromium/src/chrome/common/ipc_channel_win.cc, line 341
[Child 13476, Chrome_ChildThread] WARNING: pipe error: 109: file z:/task_1572401533/build/src/ipc/chromium/src/chrome/common/ipc_channel_win.cc, line 341
[Child 13476, Chrome_ChildThread] WARNING: pipe errJavaScript error: resource://gre/modules/UrlClassifierListManager.jsm, line 680: TypeError: this.tablesData[table] is undefined
[Parent 21748, Gecko_IOThread] WARNING: pipe error: 109: file z:/task_1572401533/build/src/ipc/chromium/src/chrome/common/ipc_channel_win.cc, line 341
[Child 3416, Chrome_ChildThread] WARNING: pipe error: 109: file z:/task_1572401533/build/src/ipc/chromium/src/chrome/common/ipc_channel_win.cc, line 341
[Child 3416, Chrome_ChildThre1574835886425	addons.manager	DEBUG	before shutdown
1574835886435	addons.manager	DEBUG	shutdown
1574835886440	addons.manager	DEBUG	Calling shutdown blocker for XPIProvider
1574835886440	addons.xpi	DEBUG	shutdown
1574835886441	addons.xpi-utils	DEBUG	Updating add-on states
1574835886442	addons.xpi-utils	DEBUG	shutdown
1574835886442	addons.manager	DEBUG	Calling shutdown blocker for GMPProvider
1574835886444	addons.manager	DEBUG	Calling shutdown blocker for PluginProvider
1574835886445	addons.manager	DEBUG	Async provider shutdown done
[GPU 24856, Chrome_ChildThread] WAR
###!!! [Child][RunMessage] Error: Channel closing: too late to send/recv, messages will be lost

N
###!!! [Child][MessageChannel::SendAndWait] Error: Channel error: cannot send/recv


Build info: version: '2.53.1', revision: 'a36b8b1cd5757287168e54b817830adce9b0158d', time: '2016-06-30 19:26:09'
System info: host: 'DESKTOP-UHNK6VB', ip: '192.168.1.187', os.name: 'Windows 10', os.arch: 'amd64', os.version: '10.0', java.version: '1.8.0_201'
Driver info: driver.version: FirefoxDriver]]>
            </message>
            <full-stacktrace>
              <![CDATA[org.openqa.selenium.WebDriverException: Failed to connect to binary FirefoxBinary(C:\Program Files\Mozilla Firefox\firefox.exe) on port 7055; process output follows: 
ontributors":null,"locales":["nl"]}],"targetApplications":[{"id":"toolkit@mozilla.org","minVersion":"48.0","maxVersion":null}],"targetPlatforms":[],"signedState":2,"seen":true,"dependencies":[],"incognito":"spanning","userPermissions":{"permissions":["tabs","proxy","webRequest","webRequestBlocking","webNavigation","storage","downloads"],"origins":["http://*/*","https://*/*","<all_urls>"]},"icons":{"48":"images/icon-48.png","128":"images/icon-128.png"},"iconURL":null,"blocklistState":0,"blocklistURL":null,"startupData":null,"hidden":false,"installTelemetryInfo":{"source":"winreg-app-global","method":"sideload"},"recommendationState":null,"rootURI":"jar:file:///C:/ProgramData/WRData/PKG/FF_XPI/wts_ff_extension.xpi!/","location":"winreg-app-global"}
1574835877847	addons.xpi-utils	DEBUG	Updating active state for add-on webrootsecure@webroot.com to true
1574835877849	addons.xpi	DEBUG	Loading bootstrap scope from jar:file:///C:/ProgramData/WRData/PKG/FF_XPI/wts_ff_extension.xpi!/
1574835877849	addons.xpi	DEBUG	Calling bootstrap method startup on webrootsecure@webroot.com version 1.10.0.6
1574835885128	addons.xpi	DEBUG	Calling bootstrap method shutdown on wikipedia@search.mozilla.org version 1.0
1574835885130	addons.xpi	DEBUG	Calling bootstrap method shutdown on webrootsecure@webroot.com version 1.10.0.6
1574835885139	addons.xpi	DEBUG	Calling bootstrap method shutdown on webcompat@mozilla.org version 6.2.0
1574835885151	addons.xpi	DEBUG	Calling bootstrap method shutdown on twitter@search.mozilla.org version 1.0
1574835885154	addons.xpi	DEBUG	Calling bootstrap method shutdown on screenshots@mozilla.org version 39.0.0
1574835885162	addons.xpi	DEBUG	Calling bootstrap method shutdown on google@search.mozilla.org version 1.0
1574835885165	addons.xpi	DEBUG	Calling bootstrap method shutdown on formautofill@mozilla.org version 1.0
1574835885171	addons.xpi	DEBUG	Calling bootstrap method shutdown on ebay@search.mozilla.org version 1.0
1574835885174	addons.xpi	DEBUG	Calling bootstrap method shutdown on default-theme@mozilla.org version 1.0
1574835885177	addons.xpi	DEBUG	Calling bootstrap method shutdown on ddg@search.mozilla.org version 1.0
1574835885179	addons.xpi	DEBUG	Calling bootstrap method shutdown on ciscowebexstart1@cisco.com version 1.0.12
1574835885186	addons.xpi	DEBUG	Calling bootstrap method shutdown on bing@search.mozilla.org version 1.0
1574835885189	addons.xpi	DEBUG	Calling bootstrap method shutdown on amazondotcom@search.mozilla.org version 1.1
[Parent 21748, Gecko_IOThread] WARNING: pipe error: 109: file z:/task_1572401533/build/src/ipc/chromium/src/chrome/common/ipc_channel_win.cc, line 341
[Child 13476, Chrome_ChildThread] WARNING: pipe error: 109: file z:/task_1572401533/build/src/ipc/chromium/src/chrome/common/ipc_channel_win.cc, line 341
[Child 13476, Chrome_ChildThread] WARNING: pipe errJavaScript error: resource://gre/modules/UrlClassifierListManager.jsm, line 680: TypeError: this.tablesData[table] is undefined
[Parent 21748, Gecko_IOThread] WARNING: pipe error: 109: file z:/task_1572401533/build/src/ipc/chromium/src/chrome/common/ipc_channel_win.cc, line 341
[Child 3416, Chrome_ChildThread] WARNING: pipe error: 109: file z:/task_1572401533/build/src/ipc/chromium/src/chrome/common/ipc_channel_win.cc, line 341
[Child 3416, Chrome_ChildThre1574835886425	addons.manager	DEBUG	before shutdown
1574835886435	addons.manager	DEBUG	shutdown
1574835886440	addons.manager	DEBUG	Calling shutdown blocker for XPIProvider
1574835886440	addons.xpi	DEBUG	shutdown
1574835886441	addons.xpi-utils	DEBUG	Updating add-on states
1574835886442	addons.xpi-utils	DEBUG	shutdown
1574835886442	addons.manager	DEBUG	Calling shutdown blocker for GMPProvider
1574835886444	addons.manager	DEBUG	Calling shutdown blocker for PluginProvider
1574835886445	addons.manager	DEBUG	Async provider shutdown done
[GPU 24856, Chrome_ChildThread] WAR
###!!! [Child][RunMessage] Error: Channel closing: too late to send/recv, messages will be lost

N
###!!! [Child][MessageChannel::SendAndWait] Error: Channel error: cannot send/recv


Build info: version: '2.53.1', revision: 'a36b8b1cd5757287168e54b817830adce9b0158d', time: '2016-06-30 19:26:09'
System info: host: 'DESKTOP-UHNK6VB', ip: '192.168.1.187', os.name: 'Windows 10', os.arch: 'amd64', os.version: '10.0', java.version: '1.8.0_201'
Driver info: driver.version: FirefoxDriver
	at org.openqa.selenium.firefox.internal.NewProfileExtensionConnection.start(NewProfileExtensionConnection.java:125)
	at org.openqa.selenium.firefox.FirefoxDriver.startClient(FirefoxDriver.java:271)
	at org.openqa.selenium.remote.RemoteWebDriver.<init>(RemoteWebDriver.java:119)
	at org.openqa.selenium.firefox.FirefoxDriver.<init>(FirefoxDriver.java:216)
	at org.openqa.selenium.firefox.FirefoxDriver.<init>(FirefoxDriver.java:211)
	at org.openqa.selenium.firefox.FirefoxDriver.<init>(FirefoxDriver.java:207)
	at org.openqa.selenium.firefox.FirefoxDriver.<init>(FirefoxDriver.java:120)
	at example.NewTest.beforeTest(NewTest.java:19)
	at sun.reflect.NativeMethodAccessorImpl.invoke0(Native Method)
	at sun.reflect.NativeMethodAccessorImpl.invoke(Unknown Source)
	at sun.reflect.DelegatingMethodAccessorImpl.invoke(Unknown Source)
	at java.lang.reflect.Method.invoke(Unknown Source)
	at org.testng.internal.MethodInvocationHelper.invokeMethod(MethodInvocationHelper.java:80)
	at org.testng.internal.Invoker.invokeConfigurationMethod(Invoker.java:564)
	at org.testng.internal.Invoker.invokeConfigurations(Invoker.java:213)
	at org.testng.internal.Invoker.invokeConfigurations(Invoker.java:138)
	at org.testng.TestRunner.beforeRun(TestRunner.java:641)
	at org.testng.TestRunner.run(TestRunner.java:609)
	at org.testng.SuiteRunner.runTest(SuiteRunner.java:334)
	at org.testng.SuiteRunner.runSequentially(SuiteRunner.java:329)
	at org.testng.SuiteRunner.privateRun(SuiteRunner.java:291)
	at org.testng.SuiteRunner.run(SuiteRunner.java:240)
	at org.testng.SuiteRunnerWorker.runSuite(SuiteRunnerWorker.java:52)
	at org.testng.SuiteRunnerWorker.run(SuiteRunnerWorker.java:86)
	at org.testng.TestNG.runSuitesSequentially(TestNG.java:1198)
	at org.testng.TestNG.runSuitesLocally(TestNG.java:1123)
	at org.testng.TestNG.run(TestNG.java:1031)
	at org.testng.remote.AbstractRemoteTestNG.run(AbstractRemoteTestNG.java:115)
	at org.testng.remote.RemoteTestNG.initAndRun(RemoteTestNG.java:251)
	at org.testng.remote.RemoteTestNG.main(RemoteTestNG.java:77)
Caused by: org.openqa.selenium.firefox.NotConnectedException: Unable to connect to host 127.0.0.1 on port 7055 after 45000 ms. Firefox console output:
ontributors":null,"locales":["nl"]}],"targetApplications":[{"id":"toolkit@mozilla.org","minVersion":"48.0","maxVersion":null}],"targetPlatforms":[],"signedState":2,"seen":true,"dependencies":[],"incognito":"spanning","userPermissions":{"permissions":["tabs","proxy","webRequest","webRequestBlocking","webNavigation","storage","downloads"],"origins":["http://*/*","https://*/*","<all_urls>"]},"icons":{"48":"images/icon-48.png","128":"images/icon-128.png"},"iconURL":null,"blocklistState":0,"blocklistURL":null,"startupData":null,"hidden":false,"installTelemetryInfo":{"source":"winreg-app-global","method":"sideload"},"recommendationState":null,"rootURI":"jar:file:///C:/ProgramData/WRData/PKG/FF_XPI/wts_ff_extension.xpi!/","location":"winreg-app-global"}
1574835877847	addons.xpi-utils	DEBUG	Updating active state for add-on webrootsecure@webroot.com to true
1574835877849	addons.xpi	DEBUG	Loading bootstrap scope from jar:file:///C:/ProgramData/WRData/PKG/FF_XPI/wts_ff_extension.xpi!/
1574835877849	addons.xpi	DEBUG	Calling bootstrap method startup on webrootsecure@webroot.com version 1.10.0.6
1574835885128	addons.xpi	DEBUG	Calling bootstrap method shutdown on wikipedia@search.mozilla.org version 1.0
1574835885130	addons.xpi	DEBUG	Calling bootstrap method shutdown on webrootsecure@webroot.com version 1.10.0.6
1574835885139	addons.xpi	DEBUG	Calling bootstrap method shutdown on webcompat@mozilla.org version 6.2.0
1574835885151	addons.xpi	DEBUG	Calling bootstrap method shutdown on twitter@search.mozilla.org version 1.0
1574835885154	addons.xpi	DEBUG	Calling bootstrap method shutdown on screenshots@mozilla.org version 39.0.0
1574835885162	addons.xpi	DEBUG	Calling bootstrap method shutdown on google@search.mozilla.org version 1.0
1574835885165	addons.xpi	DEBUG	Calling bootstrap method shutdown on formautofill@mozilla.org version 1.0
1574835885171	addons.xpi	DEBUG	Calling bootstrap method shutdown on ebay@search.mozilla.org version 1.0
1574835885174	addons.xpi	DEBUG	Calling bootstrap method shutdown on default-theme@mozilla.org version 1.0
1574835885177	addons.xpi	DEBUG	Calling bootstrap method shutdown on ddg@search.mozilla.org version 1.0
1574835885179	addons.xpi	DEBUG	Calling bootstrap method shutdown on ciscowebexstart1@cisco.com version 1.0.12
1574835885186	addons.xpi	DEBUG	Calling bootstrap method shutdown on bing@search.mozilla.org version 1.0
1574835885189	addons.xpi	DEBUG	Calling bootstrap method shutdown on amazondotcom@search.mozilla.org version 1.1
[Parent 21748, Gecko_IOThread] WARNING: pipe error: 109: file z:/task_1572401533/build/src/ipc/chromium/src/chrome/common/ipc_channel_win.cc, line 341
[Child 13476, Chrome_ChildThread] WARNING: pipe error: 109: file z:/task_1572401533/build/src/ipc/chromium/src/chrome/common/ipc_channel_win.cc, line 341
[Child 13476, Chrome_ChildThread] WARNING: pipe errJavaScript error: resource://gre/modules/UrlClassifierListManager.jsm, line 680: TypeError: this.tablesData[table] is undefined
[Parent 21748, Gecko_IOThread] WARNING: pipe error: 109: file z:/task_1572401533/build/src/ipc/chromium/src/chrome/common/ipc_channel_win.cc, line 341
[Child 3416, Chrome_ChildThread] WARNING: pipe error: 109: file z:/task_1572401533/build/src/ipc/chromium/src/chrome/common/ipc_channel_win.cc, line 341
[Child 3416, Chrome_ChildThre1574835886425	addons.manager	DEBUG	before shutdown
1574835886435	addons.manager	DEBUG	shutdown
1574835886440	addons.manager	DEBUG	Calling shutdown blocker for XPIProvider
1574835886440	addons.xpi	DEBUG	shutdown
1574835886441	addons.xpi-utils	DEBUG	Updating add-on states
1574835886442	addons.xpi-utils	DEBUG	shutdown
1574835886442	addons.manager	DEBUG	Calling shutdown blocker for GMPProvider
1574835886444	addons.manager	DEBUG	Calling shutdown blocker for PluginProvider
1574835886445	addons.manager	DEBUG	Async provider shutdown done
[GPU 24856, Chrome_ChildThread] WAR
###!!! [Child][RunMessage] Error: Channel closing: too late to send/recv, messages will be lost

N
###!!! [Child][MessageChannel::SendAndWait] Error: Channel error: cannot send/recv


	at org.openqa.selenium.firefox.internal.NewProfileExtensionConnection.start(NewProfileExtensionConnection.java:113)
	... 29 more
]]>
            </full-stacktrace>
          </exception> <!-- org.openqa.selenium.WebDriverException -->
          <reporter-output>
          </reporter-output>
        </test-method> <!-- beforeTest -->
        <test-method status="SKIP" signature="testEasy()[pri:0, instance:example.NewTest@1593948d]" name="testEasy" duration-ms="4" started-at="2019-11-27T11:54:58Z" finished-at="2019-11-27T11:54:58Z">
          <reporter-output>
          </reporter-output>
        </test-method> <!-- testEasy -->
        <test-method status="SKIP" signature="afterTest()[pri:0, instance:example.NewTest@1593948d]" name="afterTest" is-config="true" duration-ms="0" started-at="2019-11-27T11:54:58Z" finished-at="2019-11-27T11:54:58Z">
          <reporter-output>
          </reporter-output>
        </test-method> <!-- afterTest -->
      </class> <!-- example.NewTest -->
    </test> <!-- Test -->
  </suite> <!-- Suite -->
</testng-results>
